<?xml version="1.0" encoding="UTF-8"?>
<!-- Generated by org.testng.reporters.JUnitReportReporter -->
<testsuite hostname="SDGL618" name="com.gmail.testcases.TestGmailLogin" tests="2" failures="0" timestamp="21 Sep 2016 07:15:02 GMT" time="43.966" errors="0">
  <testcase name="testLoginWithSession" time="12.603" classname="com.gmail.testcases.TestGmailLogin"/>
  <testcase name="testLoginWithoutSession" time="31.363" classname="com.gmail.testcases.TestGmailLogin"/>
</testsuite> <!-- com.gmail.testcases.TestGmailLogin -->
