<?xml version="1.0" encoding="UTF-8"?>
<!-- Generated by org.testng.reporters.JUnitReportReporter -->
<testsuite hostname="SDGL618" name="com.ActiTime.testcases.TestActiTimeLogin" tests="1" failures="0" timestamp="27 Sep 2016 12:00:02 GMT" time="84.465" errors="0">
  <testcase name="testloginwithoutsession" time="84.465" classname="com.ActiTime.testcases.TestActiTimeLogin"/>
</testsuite> <!-- com.ActiTime.testcases.TestActiTimeLogin -->
