<?xml version="1.0" encoding="UTF-8"?>
<!-- Generated by org.testng.reporters.JUnitReportReporter -->
<testsuite hostname="SDGL618" name="com.ActiTime.testcases.TestActiTimeLogin" tests="1" failures="0" timestamp="26 Sep 2016 12:54:13 GMT" time="90.770" errors="0">
  <testcase name="testloginwithoutsession" time="90.770" classname="com.ActiTime.testcases.TestActiTimeLogin"/>
</testsuite> <!-- com.ActiTime.testcases.TestActiTimeLogin -->
